[22:29:32] [main/INFO]: Completely ignored arguments: [release]
[22:29:35] [Datafixer Bootstrap/INFO]: 192 Datafixer optimizations took 130 milliseconds
[22:29:36] [main/WARN]: Unrecognized user type: --versionType
[22:29:37] [Render thread/INFO]: Environment: Environment[accountsHost=https://api.mojang.com, sessionHost=https://sessionserver.mojang.com, servicesHost=https://api.minecraftservices.com, name=PROD]
[22:29:37] [Render thread/ERROR]: Failed to verify authentication
com.mojang.authlib.exceptions.InvalidCredentialsException: Status: 401
	at com.mojang.authlib.exceptions.MinecraftClientHttpException.toAuthenticationException(MinecraftClientHttpException.java:59) ~[authlib-5.0.47.jar:?]
	at com.mojang.authlib.yggdrasil.YggdrasilUserApiService.fetchProperties(YggdrasilUserApiService.java:159) ~[authlib-5.0.47.jar:?]
	at com.mojang.authlib.yggdrasil.YggdrasilUserApiService.<init>(YggdrasilUserApiService.java:53) ~[authlib-5.0.47.jar:?]
	at com.mojang.authlib.yggdrasil.YggdrasilAuthenticationService.createUserApiService(YggdrasilAuthenticationService.java:55) ~[authlib-5.0.47.jar:?]
	at eqv.a(SourceFile:787) ~[1.20.2.jar:?]
	at eqv.<init>(SourceFile:451) ~[1.20.2.jar:?]
	at net.minecraft.client.main.Main.main(SourceFile:214) ~[1.20.2.jar:?]
Caused by: com.mojang.authlib.exceptions.MinecraftClientHttpException: Status: 401
	at com.mojang.authlib.minecraft.client.MinecraftClient.readInputStream(MinecraftClient.java:100) ~[authlib-5.0.47.jar:?]
	at com.mojang.authlib.minecraft.client.MinecraftClient.get(MinecraftClient.java:57) ~[authlib-5.0.47.jar:?]
	at com.mojang.authlib.yggdrasil.YggdrasilUserApiService.fetchProperties(YggdrasilUserApiService.java:130) ~[authlib-5.0.47.jar:?]
	... 5 more
[22:29:37] [Render thread/INFO]: Setting user: username
[22:29:37] [Render thread/INFO]: Backend library: LWJGL version 3.3.2+13
[22:29:38] [Render thread/WARN]: Removed resource pack Supplementaries Generated Pack from options because it doesn't seem to exist anymore
[22:29:38] [Render thread/WARN]: Removed resource pack file/BareBones1.19.zip from options because it is no longer compatible
[22:29:38] [Render thread/WARN]: Removed resource pack file/undefined-Totem-pv9.zip from options because it is no longer compatible
[22:29:39] [Render thread/INFO]: Reloading ResourceManager: vanilla, file/Bare+Metals+1.1+1.20.1.zip
[22:29:39] [Worker-Main-13/INFO]: Found unifont_all_no_pua-15.0.06.hex, loading
[22:29:40] [Render thread/WARN]: Missing sound for event: minecraft:item.goat_horn.play
[22:29:40] [Render thread/WARN]: Missing sound for event: minecraft:entity.goat.screaming.horn_break
[22:29:41] [Render thread/INFO]: OpenAL initialized on device OpenAL Soft on Headphone (Realtek(R) Audio)
[22:29:41] [Render thread/INFO]: Sound engine started
[22:29:41] [Render thread/INFO]: Created: 2048x1024x4 minecraft:textures/atlas/blocks.png-atlas
[22:29:41] [Render thread/INFO]: Created: 256x256x4 minecraft:textures/atlas/signs.png-atlas
[22:29:41] [Render thread/INFO]: Created: 512x512x4 minecraft:textures/atlas/banner_patterns.png-atlas
[22:29:41] [Render thread/INFO]: Created: 512x512x4 minecraft:textures/atlas/shield_patterns.png-atlas
[22:29:41] [Render thread/INFO]: Created: 1024x1024x4 minecraft:textures/atlas/armor_trims.png-atlas
[22:29:41] [Render thread/INFO]: Created: 128x64x4 minecraft:textures/atlas/decorated_pot.png-atlas
[22:29:41] [Render thread/INFO]: Created: 256x256x4 minecraft:textures/atlas/chest.png-atlas
[22:29:41] [Render thread/INFO]: Created: 512x256x4 minecraft:textures/atlas/shulker_boxes.png-atlas
[22:29:41] [Render thread/INFO]: Created: 512x256x4 minecraft:textures/atlas/beds.png-atlas
[22:29:41] [Render thread/WARN]: Shader rendertype_entity_translucent_emissive could not find sampler named Sampler2 in the specified shader program.
[22:29:41] [Render thread/INFO]: Created: 256x256x0 minecraft:textures/atlas/particles.png-atlas
[22:29:41] [Render thread/INFO]: Created: 256x256x0 minecraft:textures/atlas/paintings.png-atlas
[22:29:41] [Render thread/INFO]: Created: 128x128x0 minecraft:textures/atlas/mob_effects.png-atlas
[22:29:41] [Render thread/INFO]: Created: 1024x512x0 minecraft:textures/atlas/gui.png-atlas
[22:29:41] [IO-Worker-1/INFO]: Could not authorize you against Realms server: Invalid session id
[22:29:41] [IO-Worker-1/ERROR]: Couldn't connect to realms
ens: Realms authentication error with message 'Invalid session id'
	at emf.a(SourceFile:432) ~[1.20.2.jar:?]
	at emf.f(SourceFile:218) ~[1.20.2.jar:?]
	at elz.c(SourceFile:45) ~[1.20.2.jar:?]
	at java.util.concurrent.CompletableFuture$AsyncSupply.run(Unknown Source) ~[?:?]
	at java.util.concurrent.ThreadPoolExecutor.runWorker(Unknown Source) ~[?:?]
	at java.util.concurrent.ThreadPoolExecutor$Worker.run(Unknown Source) ~[?:?]
	at java.lang.Thread.run(Unknown Source) ~[?:?]
[22:29:58] [Render thread/INFO]: Stopping!
